d:\workspace\project\gateserver\gateserver\x64\debug\vc143.pdb
d:\workspace\project\gateserver\gateserver\x64\debug\vc143.idb
d:\workspace\project\gateserver\gateserver\x64\debug\verifygrpcclient.obj
d:\workspace\project\gateserver\gateserver\x64\debug\statusgrpcclient.obj
d:\workspace\project\gateserver\gateserver\x64\debug\redismgr.obj
d:\workspace\project\gateserver\gateserver\x64\debug\mysqlmgr.obj
d:\workspace\project\gateserver\gateserver\x64\debug\mysqldao.obj
d:\workspace\project\gateserver\gateserver\x64\debug\message.pb.obj
d:\workspace\project\gateserver\gateserver\x64\debug\message.grpc.pb.obj
d:\workspace\project\gateserver\gateserver\x64\debug\logicsystem.obj
d:\workspace\project\gateserver\gateserver\x64\debug\httpconnection.obj
d:\workspace\project\gateserver\gateserver\x64\debug\gateserver.obj
d:\workspace\project\gateserver\gateserver\x64\debug\cserver.obj
d:\workspace\project\gateserver\gateserver\x64\debug\configmgr.obj
d:\workspace\project\gateserver\gateserver\x64\debug\asioioservicepool.obj
d:\workspace\project\gateserver\x64\debug\gateserver.pdb
d:\workspace\project\gateserver\gateserver\x64\debug\gateserver.tlog\cl.command.1.tlog
d:\workspace\project\gateserver\gateserver\x64\debug\gateserver.tlog\cl.read.1.tlog
d:\workspace\project\gateserver\gateserver\x64\debug\gateserver.tlog\cl.write.1.tlog
d:\workspace\project\gateserver\gateserver\x64\debug\gateserver.tlog\link.command.1.tlog
d:\workspace\project\gateserver\gateserver\x64\debug\gateserver.tlog\link.read.1.tlog
d:\workspace\project\gateserver\gateserver\x64\debug\gateserver.tlog\link.read.2.tlog
d:\workspace\project\gateserver\gateserver\x64\debug\gateserver.tlog\link.read.3.tlog
d:\workspace\project\gateserver\gateserver\x64\debug\gateserver.tlog\link.read.4.tlog
d:\workspace\project\gateserver\gateserver\x64\debug\gateserver.tlog\link.write.1.tlog
